Adding game mode abduction (abduction) to configuration.
Adding game mode blob (blob) to configuration.
Adding game mode changeling (changeling) to configuration.
Adding game mode traitor+changeling (traitorchan) to configuration.
Adding game mode double agents (double_agents) to configuration.
Adding game mode traitor (traitor) to configuration.
Adding game mode cult (cult) to configuration.
Adding game mode cybermen (cybermen) to configuration.
Adding game mode extended (extended) to configuration.
Adding game mode gang war (gang) to configuration.
Adding game mode AI malfunction (malfunction) to configuration.
Adding game mode meteor (meteor) to configuration.
Adding game mode monkey (monkey) to configuration.
Adding game mode nuclear emergency (nuclear) to configuration.
Adding game mode revolution (revolution) to configuration.
Adding game mode sandbox (sandbox) to configuration.
Adding game mode shadowling (shadowling) to configuration.
Adding game mode ragin' mages (raginmages) to configuration.
Adding game mode wizard (wizard) to configuration.
Adding game mode zombies (zombies) to configuration.
Unknown setting in configuration: 'soft_message'
Unknown setting in configuration: 'hard_message'
Unknown setting in configuration: 'extreme_message'
Unknown setting in configuration: '//comment'
Unknown setting in configuration: '//uncomment'
Failed to connect to database in load_donators(). Reverting to legacy system.
#73# [00:14:07]ACCESS: Login: Oisin100/(Oisin100) from 127.0.0.1-2777698670 || BYOND v510
#73# [00:14:26]GAME: Oisin100 (ckey) has been selected as a traitor
#73# [00:14:26]ACCESS: Logout: *no key*/(Oisin100)
#73# [00:14:26]ACCESS: Login: Oisin100/(Monica Bynum) from 127.0.0.1-2777698670 || BYOND v510
#73# [00:14:31]EMOTE: Poly/ : <B>Poly</B> turns and flies towards the Power-ON cartridge.
#73# [00:14:38]EMOTE: monkey (831)/ : <B>The monkey (831)</B> jumps!
#73# [00:14:40]EMOTE: Monica Bynum/Oisin100 : <B>Monica Bynum</B> seizes up and falls limp, her eyes dead and lifeless...
#73# [00:14:41]ACCESS: Logout: *no key*/(Monica Bynum)
#73# [00:14:41]ACCESS: Login: Oisin100/(Monica Bynum) from 127.0.0.1-2777698670 || BYOND v510
#73# [00:14:56]EMOTE: Runtime/ : <B>Runtime</B> meows
#73# [00:15:08]ACCESS: Logout: *no key*/(Monica Bynum)
#73# [00:15:08]ACCESS: Login: Oisin100/(Cortical Borer) from 127.0.0.1-2777698670 || BYOND v510
#73# [00:15:08]GAME: Quaternary Borer (133)/(oisin100) was spawned as a cortical borer.
#73# [00:15:11]ACCESS: Logout: Oisin100[DC]/(Cortical Borer)
#73# [00:15:21]ACCESS: Login: Oisin100/(Cortical Borer) from 127.0.0.1-2777698670 || BYOND v510
#73# [00:15:23]EMOTE: mouse/ : <B>The mouse</B> squeeks.
#73# [00:15:40]EMOTE: monkey (524)/ : <B>The monkey (524)</B> jumps!
#73# [00:15:42]ACCESS: Login: Guest-2777698670/(Guest-2777698670) from 127.0.0.1-2777698670 || BYOND v510
#73# [00:15:42]ACCESS: Notice: Guest-2777698670/(Guest-2777698670) has the same IP (127.0.0.1) and ID (2777698670) as Oisin100/(Cortical Borer).
#73# [00:15:46]EMOTE: Ian/ : <B>Ian</B> dances around.
#73# [00:16:01]ACCESS: Logout: *no key*/(Guest-2777698670)
#73# [00:16:01]ACCESS: Login: Guest-2777698670/(Bella Tireman) from 127.0.0.1-2777698670 || BYOND v510
#73# [00:16:01]ACCESS: Notice: Guest-2777698670/(Bella Tireman) has the same IP (127.0.0.1) and ID (2777698670) as Oisin100/(Cortical Borer).
#73# [00:16:02]EMOTE: Ian/ : <B>Ian</B> dances around.
#73# [00:16:19]GAME: Quaternary Borer (133)/(oisin100) has infected Bella Tireman/(guest2777698670
#73# [00:16:22]EMOTE: Poly/ : <B>Poly</B> looks in the Power-ON cartridge's direction and takes flight.
#73# [00:16:22]SAY: mouse/ : Squeek!
#73# [00:16:28]EMOTE: mouse/ : <B>The mouse</B> runs in a circle.
#73# [00:16:39]EMOTE: mouse/ : <B>The mouse</B> squeeks.
#73# [00:17:09]GAME: Quaternary Borer (133)/(oisin100) assumed control of Bella Tireman/(guest2777698670 with borer powers.
#73# [00:17:09]ACCESS: Logout: *no key*/(Bella Tireman)
#73# [00:17:09]ACCESS: Login: guest2777698670/(host brain) from 127.0.0.1-2777698670 || BYOND v510
#73# [00:17:09]ACCESS: Notice: guest2777698670/(host brain) has the same IP (127.0.0.1) and ID (2777698670) as Oisin100/(Cortical Borer).
#73# [00:17:09]ACCESS: Logout: *no key*/(Cortical Borer)
#73# [00:17:09]ACCESS: Login: oisin100/(Bella Tireman) from 127.0.0.1-2777698670 || BYOND v510
#73# [00:17:09]ACCESS: Notice: oisin100/(Bella Tireman) has the same IP (127.0.0.1) and ID (2777698670) as guest2777698670/(host brain).
#73# [00:17:11]SAY: Poly/ : Check the singlo, you chucklefucks!
#73# [00:17:17]EMOTE: Poly/ : <B>Poly</B> looks in the Power-ON cartridge's direction and takes flight.
#73# [00:17:23]EMOTE: monkey (827)/ : <B>The monkey (827)</B> jumps!
#73# [00:17:39]EMOTE: mouse/ : <B>The mouse</B> squeeks.
#73# [00:17:41]SAY: mouse/ : SQUEEK!
#73# [00:17:53]SAY: mouse/ : Squeek?
#73# [00:18:02]EMOTE: Bella Tireman/oisin100 : <B>Bella Tireman</B> seizes up and falls limp, her eyes dead and lifeless...
#73# [00:18:08]ACCESS: Logout: *no key*/(Bella Tireman)
#73# [00:18:08]ACCESS: Login: oisin100/(Cortical Borer) from 127.0.0.1-2777698670 || BYOND v510
#73# [00:18:08]ACCESS: Notice: oisin100/(Cortical Borer) has the same IP (127.0.0.1) and ID (2777698670) as guest2777698670/(host brain).
#73# [00:18:12]EMOTE: Poly/ : <B>Poly</B> looks in the BreatheDeep cartridge's direction and takes flight.
#73# [00:18:21]ACCESS: Logout: *no key*/(Cortical Borer)
#73# [00:18:21]ACCESS: Login: oisin100/(Cortical Borer) from 127.0.0.1-2777698670 || BYOND v510
#73# [00:18:21]ACCESS: Notice: oisin100/(Cortical Borer) has the same IP (127.0.0.1) and ID (2777698670) as guest2777698670/(host brain).
#73# [00:18:30]EMOTE: monkey (831)/ : <B>The monkey (831)</B> jumps!
#73# [00:19:06]EMOTE: Poly/ : <B>Poly</B> looks in the pen's direction and takes flight.
#73# [00:19:40]SAY: grey baby slime (40)/ : Rawr...
#73# [00:19:48]EMOTE: monkey (128)/ : <B>The monkey (128)</B> jumps!
#73# [00:19:54]EMOTE: monkey (166)/ : <B>The monkey (166)</B> jumps!
#73# [00:19:56]SAY: mouse/ : SQUEEK!
#73# [00:20:02]EMOTE: Poly/ : <B>Poly</B> looks in the Space Cigarettes packet's direction and takes flight.
#73# [00:20:08]EMOTE: monkey (827)/ : <B>The monkey (827)</B> jumps!
#73# [00:21:09]EMOTE: Poly/ : <B>Poly</B> looks in the Space Cigarettes packet's direction and takes flight.
#73# [00:21:17]EMOTE: mouse/ : <B>The mouse</B> squeeks.
#73# [00:21:55]EMOTE: Ian/ : <B>Ian</B> woofs!
#73# [00:22:01]EMOTE: mouse/ : <B>The mouse</B> squeeks.
#73# [00:22:05]EMOTE: Poly/ : <B>Poly</B> looks in the monitor decryption key's direction and takes flight.
#73# [00:22:45]SAY: mouse/ : Squeek?
#73# [00:22:49]EMOTE: cow/ : <B>The cow</B> shakes its head.
#73# [00:23:12]EMOTE: mouse/ : <B>The mouse</B> shakes.
#73# [00:23:27]EMOTE: Poly/ : <B>Poly</B> looks in the monitor decryption key's direction and takes flight.
#73# [00:23:37]EMOTE: monkey (166)/ : <B>The monkey (166)</B> jumps!
#73# [00:23:41]EMOTE: Ian/ : <B>Ian</B> dances around.
#73# [00:23:56]EMOTE: Ian/ : <B>Ian</B> dances around.
#73# [00:23:58]EMOTE: Mimekitty/ : <B>The Mimekitty</B> mews
#73# [00:24:10]EMOTE: cow/ : <B>The cow</B> shakes its head.
#73# [00:24:22]EMOTE: mouse/ : <B>The mouse</B> shakes.
#73# [00:24:24]EMOTE: Poly/ : <B>Poly</B> looks in the chief engineer's rubber stamp's direction and takes flight.
#73# [00:24:28]EMOTE: Mimekitty/ : <B>The Mimekitty</B> mews
#73# [00:25:08]ACCESS: Logout: guest2777698670[DC]/(host brain)
#73# [00:25:12]ACCESS: Logout: oisin100[DC]/(Cortical Borer)
Adding game mode abduction (abduction) to configuration.
Adding game mode blob (blob) to configuration.
Adding game mode changeling (changeling) to configuration.
Adding game mode traitor+changeling (traitorchan) to configuration.
Adding game mode double agents (double_agents) to configuration.
Adding game mode traitor (traitor) to configuration.
Adding game mode cult (cult) to configuration.
Adding game mode cybermen (cybermen) to configuration.
Adding game mode extended (extended) to configuration.
Adding game mode gang war (gang) to configuration.
Adding game mode AI malfunction (malfunction) to configuration.
Adding game mode meteor (meteor) to configuration.
Adding game mode monkey (monkey) to configuration.
Adding game mode nuclear emergency (nuclear) to configuration.
Adding game mode revolution (revolution) to configuration.
Adding game mode sandbox (sandbox) to configuration.
Adding game mode shadowling (shadowling) to configuration.
Adding game mode ragin' mages (raginmages) to configuration.
Adding game mode wizard (wizard) to configuration.
Adding game mode zombies (zombies) to configuration.
Unknown setting in configuration: 'soft_message'
Unknown setting in configuration: 'hard_message'
Unknown setting in configuration: 'extreme_message'
Unknown setting in configuration: '//comment'
Unknown setting in configuration: '//uncomment'
Failed to connect to database in load_donators(). Reverting to legacy system.
#74# [00:34:39]ACCESS: Login: Guest-2777698670/(Guest-2777698670) from 127.0.0.1-2777698670 || BYOND v510
#74# [00:34:49]ACCESS: Logout: Guest-2777698670[DC]/(Guest-2777698670)
#74# [00:35:48]ACCESS: Login: Oisin100/(Oisin100) from 127.0.0.1-2777698670 || BYOND v510
#74# [00:36:01]GAME: Oisin100 (ckey) has been selected as a traitor
#74# [00:36:01]ACCESS: Logout: *no key*/(Oisin100)
#74# [00:36:01]ACCESS: Login: Oisin100/(Monica Bynum) from 127.0.0.1-2777698670 || BYOND v510
#74# [00:36:07]EMOTE: Poly/ : <B>Poly</B> turns and flies towards the pen.
#74# [00:36:45]SAY: grey baby slime (573)/ : Rawr...
#74# [00:37:14]EMOTE: Poly/ : <B>Poly</B> looks in the Power-ON cartridge's direction and takes flight.
#74# [00:37:30]EMOTE: monkey (416)/ : <B>The monkey (416)</B> jumps!
#74# [00:37:36]SAY: Roxie/ : Bark!
#74# [00:37:40]EMOTE: Renault/ : <B>Renault</B> shakes its head.
#74# [00:37:48]EMOTE: Ian/ : <B>Ian</B> dances around.
#74# [00:38:09]EMOTE: Poly/ : <B>Poly</B> looks in the Power-ON cartridge's direction and takes flight.
#74# [00:38:13]EMOTE: mouse/ : <B>The mouse</B> shakes.
#74# [00:38:24]ACCESS: Logout: Oisin100[DC]/(Monica Bynum)
#74# [00:44:33]ACCESS: Login: Oisin100/(Monica Bynum) from 127.0.0.1-2777698670 || BYOND v510
#74# [00:44:44]EMOTE: Monica Bynum/Oisin100 : <B>Monica Bynum</B> seizes up and falls limp, her eyes dead and lifeless...
#74# [00:44:45]ACCESS: Logout: *no key*/(Monica Bynum)
#74# [00:44:45]ACCESS: Login: Oisin100/(Monica Bynum) from 127.0.0.1-2777698670 || BYOND v510
#74# [00:44:52]EMOTE: monkey (377)/ : <B>The monkey (377)</B> jumps!
#74# [00:44:54]EMOTE: mouse/ : <B>The mouse</B> squeeks.
#74# [00:45:05]EMOTE: mouse/ : <B>The mouse</B> runs in a circle.
#74# [00:45:13]EMOTE: Poly/ : <B>Poly</B> looks in the Power-ON cartridge's direction and takes flight.
#74# [00:45:17]ACCESS: Logout: *no key*/(Monica Bynum)
#74# [00:45:17]ACCESS: Login: Oisin100/(Cortical Borer) from 127.0.0.1-2777698670 || BYOND v510
#74# [00:45:17]GAME: Secondary Borer (894)/(oisin100) was spawned as a cortical borer.
#74# [00:45:21]SAY: mouse/ : Squeek?
#74# [00:45:23]SAY: Renault/ : Ack-Ack
#74# [00:45:53]EMOTE: mouse/ : <B>The mouse</B> squeeks.
#74# [00:46:07]EMOTE: Poly/ : <B>Poly</B> looks in the BreatheDeep cartridge's direction and takes flight.
#74# [00:46:24]SAY: mouse/ : Squeek?
#74# [00:46:26]SAY: mouse/ : SQUEEK!
#74# [00:46:30]EMOTE: Ian/ : <B>Ian</B> dances around.
#74# [00:46:32]SAY: Roxie/ : Bark!
#74# [00:46:36]EMOTE: mouse/ : <B>The mouse</B> shakes.
#74# [00:47:02]EMOTE: Poly/ : <B>Poly</B> looks in the Space Cigarettes packet's direction and takes flight.
#74# [00:47:10]SAY: mouse/ : Squeek!
#74# [00:47:16]SAY: mouse/ : SQUEEK!
#74# [00:47:47]EMOTE: monkey (551)/ : <B>The monkey (551)</B> jumps!
#74# [00:47:49]SAY: Renault/ : Geckers
#74# [00:47:51]EMOTE: mouse/ : <B>The mouse</B> squeeks.
#74# [00:47:59]EMOTE: Poly/ : <B>Poly</B> looks in the monitor decryption key's direction and takes flight.
#74# [00:48:01]EMOTE: monkey (147)/ : <B>The monkey (147)</B> jumps!
#74# [00:48:11]EMOTE: mouse/ : <B>The mouse</B> squeeks.
#74# [00:48:17]EMOTE: Roxie/ : <B>Roxie</B> yaps
#74# [00:48:55]SAY: Poly/ : Check the singlo, you chucklefucks!
#74# [00:49:16]EMOTE: mouse/ : <B>The mouse</B> shakes.
#74# [00:49:22]EMOTE: Poly/ : <B>Poly</B> looks in the monitor decryption key's direction and takes flight.
#74# [00:49:30]SAY: mouse/ : SQUEEK!
#74# [00:49:36]SAY: mouse/ : Squeek!
#74# [00:50:09]EMOTE: monkey (510)/ : <B>The monkey (510)</B> jumps!
#74# [00:50:11]EMOTE: monkey (416)/ : <B>The monkey (416)</B> jumps!
#74# [00:50:14]EMOTE: Pun Pun (359)/ : <B>Pun Pun (359)</B> jumps!
#74# [00:50:19]EMOTE: Poly/ : <B>Poly</B> looks in the chief engineer's rubber stamp's direction and takes flight.
#74# [00:50:39]SAY: grey baby slime (287)/ : Lonely...
#74# [00:50:43]EMOTE: Ian/ : <B>Ian</B> pants.
#74# [00:50:57]EMOTE: mouse/ : <B>The mouse</B> runs in a circle.
#74# [00:50:59]EMOTE: mouse/ : <B>The mouse</B> shakes.
#74# [00:51:11]EMOTE: mouse/ : <B>The mouse</B> shakes.
#74# [00:51:15]EMOTE: Mimekitty/ : <B>The Mimekitty</B> mews
#74# [00:51:31]EMOTE: Ian/ : <B>Ian</B> chases its tail!
#74# [00:51:43]EMOTE: monkey (416)/ : <B>The monkey (416)</B> jumps!
#74# [00:51:54]SAY: cow/ : Moo
#74# [00:52:00]EMOTE: monkey (935)/ : <B>The monkey (935)</B> jumps!
#74# [00:52:18]EMOTE: monkey (820)/ : <B>The monkey (820)</B> jumps!
#74# [00:52:32]EMOTE: Ian/ : <B>Ian</B> chases its tail!
#74# [00:52:36]EMOTE: monkey (147)/ : <B>The monkey (147)</B> jumps!
#74# [00:52:38]EMOTE: Pun Pun (359)/ : <B>Pun Pun (359)</B> jumps!
#74# [00:53:31]EMOTE: Ian/ : <B>Ian</B> chases its tail!
#74# [00:53:33]SAY: mouse/ : Squeek?
#74# [00:54:07]EMOTE: mouse/ : <B>The mouse</B> squeeks.
#74# [00:54:49]SAY: mouse/ : SQUEEK!
#74# [00:54:59]EMOTE: mouse/ : <B>The mouse</B> shakes.
#74# [00:55:03]EMOTE: Ian/ : <B>Ian</B> chases its tail.
#74# [00:55:06]EMOTE: monkey (982)/ : <B>The monkey (982)</B> jumps!
#74# [00:55:40]EMOTE: mouse/ : <B>The mouse</B> squeeks.
#74# [00:55:46]SAY: mouse/ : Squeek?
#74# [00:56:10]EMOTE: Ian/ : <B>Ian</B> chases its tail!
#74# [00:56:12]EMOTE: mouse/ : <B>The mouse</B> runs in a circle.
#74# [00:56:18]EMOTE: mouse/ : <B>The mouse</B> squeeks.
#74# [00:56:53]GAME: Random Event triggering: Minor Space Dust (/datum/round_event/meteor_wave/dust)
#74# [00:57:05]SAY: cow/ : Moo?
#74# [00:57:23]EMOTE: Ian/ : <B>Ian</B> chases its tail!
#74# [00:57:39]EMOTE: monkey (147)/ : <B>The monkey (147)</B> jumps!
#74# [00:57:57]EMOTE: Ian/ : <B>Ian</B> dances around.
#74# [00:58:01]SAY: cow/ : MOOOOOO
#74# [00:58:17]SAY: Runtime/ : Purr!
#74# [00:58:35]SAY: mouse/ : Squeek!
#74# [00:58:44]EMOTE: mouse/ : <B>The mouse</B> squeeks.
#74# [00:58:52]EMOTE: Ian/ : <B>Ian</B> dances around.
#74# [00:58:58]EMOTE: mouse/ : <B>The mouse</B> runs in a circle.
#74# [00:59:18]SAY: mouse/ : Squeek?
#74# [00:59:20]SAY: mouse/ : Squeek!
#74# [00:59:30]EMOTE: monkey (820)/ : <B>The monkey (820)</B> jumps!
#74# [00:59:40]SAY: grey baby slime (287)/ : Rawr...
#74# [01:00:12]EMOTE: monkey (416)/ : <B>The monkey (416)</B> jumps!
#74# [01:00:29]EMOTE: Mimekitty/ : <B>The Mimekitty</B> shivers
#74# [01:00:43]EMOTE: cow/ : <B>The cow</B> brays.
#74# [01:01:05]EMOTE: monkey (982)/ : <B>The monkey (982)</B> jumps!
#74# [01:01:27]SAY: mouse/ : SQUEEK!
#74# [01:01:37]SAY: Poly/ : Check the singlo, you chucklefucks!
#74# [01:01:45]SAY: mouse/ : SQUEEK!
#74# [01:01:47]SAY: grey baby slime (573)/ : Lonely...
#74# [01:02:18]EMOTE: monkey (510)/ : <B>The monkey (510)</B> jumps!
#74# [01:02:20]EMOTE: monkey (147)/ : <B>The monkey (147)</B> jumps!
#74# [01:02:32]SAY: Ian/ : Woof!
#74# [01:02:34]EMOTE: Roxie/ : <B>Roxie</B> woofs
#74# [01:02:54]EMOTE: mouse/ : <B>The mouse</B> shakes.
#74# [01:03:08]EMOTE: mouse/ : <B>The mouse</B> runs in a circle.
#74# [01:03:10]EMOTE: Ian/ : <B>Ian</B> chases its tail.
#74# [01:03:14]EMOTE: mouse/ : <B>The mouse</B> squeeks.
#74# [01:03:44]EMOTE: mouse/ : <B>The mouse</B> squeeks.
#74# [01:03:59]EMOTE: Ian/ : <B>Ian</B> chases its tail!
#74# [01:04:17]SAY: mouse/ : Squeek!
#74# [01:04:37]EMOTE: monkey (453)/ : <B>The monkey (453)</B> jumps!
#74# [01:04:39]EMOTE: mouse/ : <B>The mouse</B> shakes.
#74# [01:04:46]EMOTE: monkey (551)/ : <B>The monkey (551)</B> jumps!
#74# [01:04:46]EMOTE: cow/ : <B>The cow</B> brays.
#74# [01:04:52]EMOTE: monkey (551)/ : <B>The monkey (551)</B> jumps!
#74# [01:04:54]SAY: grey baby slime (287)/ : Rawr...
#74# [01:04:58]ACCESS: Logout: Oisin100[DC]/(Cortical Borer)
Adding game mode abduction (abduction) to configuration.
Adding game mode blob (blob) to configuration.
Adding game mode changeling (changeling) to configuration.
Adding game mode traitor+changeling (traitorchan) to configuration.
Adding game mode double agents (double_agents) to configuration.
Adding game mode traitor (traitor) to configuration.
Adding game mode cult (cult) to configuration.
Adding game mode cybermen (cybermen) to configuration.
Adding game mode extended (extended) to configuration.
Adding game mode gang war (gang) to configuration.
Adding game mode AI malfunction (malfunction) to configuration.
Adding game mode meteor (meteor) to configuration.
Adding game mode monkey (monkey) to configuration.
Adding game mode nuclear emergency (nuclear) to configuration.
Adding game mode revolution (revolution) to configuration.
Adding game mode sandbox (sandbox) to configuration.
Adding game mode shadowling (shadowling) to configuration.
Adding game mode ragin' mages (raginmages) to configuration.
Adding game mode wizard (wizard) to configuration.
Adding game mode zombies (zombies) to configuration.
Unknown setting in configuration: 'soft_message'
Unknown setting in configuration: 'hard_message'
Unknown setting in configuration: 'extreme_message'
Unknown setting in configuration: '//comment'
Unknown setting in configuration: '//uncomment'
Failed to connect to database in load_donators(). Reverting to legacy system.
#75# [02:49:20]ACCESS: Login: Oisin100/(Oisin100) from 127.0.0.1-2777698670 || BYOND v510
#75# [02:49:39]GAME: Oisin100 (ckey) has been selected as a traitor
#75# [02:49:39]ACCESS: Logout: *no key*/(Oisin100)
#75# [02:49:39]ACCESS: Login: Oisin100/(Monica Bynum) from 127.0.0.1-2777698670 || BYOND v510
#75# [02:49:46]SAY: mouse/ : SQUEEK!
#75# [02:49:48]SAY: mouse/ : Squeek?
#75# [02:50:05]ACCESS: Logout: *no key*/(Monica Bynum)
#75# [02:50:05]ACCESS: Login: oisin100/(Cortical Borer) from 127.0.0.1-2777698670 || BYOND v510
#75# [02:50:17]EMOTE: Ian/ : <B>Ian</B> chases its tail!
#75# [02:50:24]EMOTE: Ian/ : <B>Ian</B> chases its tail.
#75# [02:50:30]EMOTE: Roxie/ : <B>Roxie</B> yaps
#75# [02:50:48]EMOTE: Poly/ : <B>Poly</B> looks in the pen's direction and takes flight.
#75# [02:50:54]SAY: grey baby slime (499)/ : Lonely...
#75# [02:50:56]SAY: mouse/ : Squeek?
#75# [02:51:12]ACCESS: Logout: oisin100[DC]/(Cortical Borer)
Adding game mode abduction (abduction) to configuration.
Adding game mode blob (blob) to configuration.
Adding game mode changeling (changeling) to configuration.
Adding game mode traitor+changeling (traitorchan) to configuration.
Adding game mode double agents (double_agents) to configuration.
Adding game mode traitor (traitor) to configuration.
Adding game mode cult (cult) to configuration.
Adding game mode cybermen (cybermen) to configuration.
Adding game mode extended (extended) to configuration.
Adding game mode gang war (gang) to configuration.
Adding game mode AI malfunction (malfunction) to configuration.
Adding game mode meteor (meteor) to configuration.
Adding game mode monkey (monkey) to configuration.
Adding game mode nuclear emergency (nuclear) to configuration.
Adding game mode revolution (revolution) to configuration.
Adding game mode sandbox (sandbox) to configuration.
Adding game mode shadowling (shadowling) to configuration.
Adding game mode ragin' mages (raginmages) to configuration.
Adding game mode wizard (wizard) to configuration.
Adding game mode zombies (zombies) to configuration.
Unknown setting in configuration: 'soft_message'
Unknown setting in configuration: 'hard_message'
Unknown setting in configuration: 'extreme_message'
Unknown setting in configuration: '//comment'
Unknown setting in configuration: '//uncomment'
Failed to connect to database in load_donators(). Reverting to legacy system.
#76# [03:16:47]ACCESS: Login: Macelarius/(Macelarius) from 73.216.76.134-2394785621 || BYOND v509
#76# [03:17:08]ACCESS: Login: Oisin100/(Oisin100) from 127.0.0.1-2777698670 || BYOND v510
#76# [03:17:55]GAME: Oisin100 (ckey) has been selected as a traitor
#76# [03:17:55]ACCESS: Logout: *no key*/(Macelarius)
#76# [03:17:55]ACCESS: Login: Macelarius/(790) from 73.216.76.134-2394785621 || BYOND v509
#76# [03:17:55]ACCESS: Logout: *no key*/(Oisin100)
#76# [03:17:55]ACCESS: Login: Oisin100/(Monica Bynum) from 127.0.0.1-2777698670 || BYOND v510
#76# [03:18:02]SAY: mouse/ : Squeek?
#76# [03:18:09]SAY: Poly/ : Poly wanna cracker!
#76# [03:18:11]EMOTE: Ian/ : <B>Ian</B> dances around.
#76# [03:18:13]SAY: mouse/ : Squeek!
#76# [03:18:27]SAY: Macelarius/(Alpha 7) has made a priority announcement: I spawned as AI, that might make things difficult.
#76# [03:18:54]EMOTE: Poly/ : <B>Poly</B> looks in the Power-ON cartridge's direction and takes flight.
#76# [03:19:05]SAY: Monica Bynum/Oisin100 : Ahh
#76# [03:19:16]SAY: Monica Bynum/Oisin100 : Use the var edit panel to deal brute damage to yourself
#76# [03:19:29]EMOTE: Mimekitty/ : <B>The Mimekitty</B> meows
#76# [03:19:40]SAY: Alpha 7/Macelarius : Oh no
#76# [03:19:43]ACCESS: Logout: *no key*/(Alpha 7)
#76# [03:19:43]ACCESS: Login: Macelarius/(Alpha 7) from 73.216.76.134-2394785621 || BYOND v509
#76# [03:19:49]OOC: Monica Bynum/Oisin100 : Ghost. And ill trigger the event
#76# [03:19:49]EMOTE: Poly/ : <B>Poly</B> looks in the Power-ON cartridge's direction and takes flight.
#76# [03:19:57]OOC: Monica Bynum/Oisin100 : Ready?
#76# [03:19:59]OOC: Alpha 7/Macelarius : Yeah
#76# [03:19:59]EMOTE: mouse/ : <B>The mouse</B> squeeks.
#76# [03:20:10]OOC: Monica Bynum/Oisin100 : Alrighty
#76# [03:20:22]OOC: Alpha 7/Macelarius : I&#39;ll give it a minute to pull me in
#76# [03:20:36]EMOTE: monkey (448)/ : <B>The monkey (448)</B> jumps!
#76# [03:20:42]OOC: Monica Bynum/Oisin100 : Oh wait. Enable alien :P
#76# [03:20:44]EMOTE: Poly/ : <B>Poly</B> looks in the Power-ON cartridge's direction and takes flight.
#76# [03:20:50]OOC: Monica Bynum/Oisin100 : And midround antag
#76# [03:20:50]OOC: Alpha 7/Macelarius : Alright, hold on
#76# [03:21:00]EMOTE: mouse/ : <B>The mouse</B> runs in a circle.
#76# [03:21:00]EMOTE: Pun Pun (273)/ : <B>Pun Pun (273)</B> jumps!
#76# [03:21:02]EMOTE: Renault/ : <B>Renault</B> shivers.
#76# [03:21:08]SAY: cow/ : Moo?
#76# [03:21:12]ACCESS: Login: Groxic/(Groxic) from 73.139.149.76-3865619156 || BYOND v510
#76# [03:21:17]ACCESS: Logout: *no key*/(Alpha 7)
#76# [03:21:17]ACCESS: Login: macelarius/(new player) from 73.216.76.134-2394785621 || BYOND v509
#76# [03:21:29]SAY: mouse/ : SQUEEK!
#76# [03:21:39]EMOTE: Ian/ : <B>Ian</B> dances around.
#76# [03:21:39]EMOTE: Poly/ : <B>Poly</B> looks in the BreatheDeep cartridge's direction and takes flight.
#76# [03:21:42]OOC: Monica Bynum/Oisin100 : You can do it from the preferences tab Btw.
#76# [03:21:43]EMOTE: mouse/ : <B>The mouse</B> runs in a circle.
#76# [03:21:46]OOC: Monica Bynum/Oisin100 : IG
#76# [03:21:51]SAY: Renault/ : Ack-Ack-Ack-Ackawoooo
#76# [03:21:59]OOC: new player/Macelarius : Oh.
#76# [03:22:01]SAY: mouse/ : Squeek?
#76# [03:22:05]EMOTE: mouse/ : <B>The mouse</B> shakes.
#76# [03:22:06]ACCESS: Logout: *no key*/(new player)
#76# [03:22:06]ACCESS: Login: macelarius/(Davion Begum) from 73.216.76.134-2394785621 || BYOND v509
#76# [03:22:09]EMOTE: mouse/ : <B>The mouse</B> squeeks.
#76# [03:22:14]OOC: Davion Begum/Macelarius : Well, it&#39;s done now
#76# [03:22:18]OOC: Groxic/Groxic : HI
#76# [03:22:23]OOC: Monica Bynum/Oisin100 : Hey
#76# [03:22:25]EMOTE: mouse/ : <B>The mouse</B> runs in a circle.
#76# [03:22:27]OOC: Groxic/Groxic : Instruct me
#76# [03:22:28]OOC: Davion Begum/Macelarius : Oh hey
#76# [03:22:33]EMOTE: Poly/ : <B>Poly</B> looks in the pen's direction and takes flight.
#76# [03:22:39]EMOTE: Ian/ : <B>Ian</B> chases its tail!
#76# [03:22:42]OOC: Monica Bynum/Oisin100 : Worked?
#76# [03:22:49]OOC: Davion Begum/Macelarius : No
#76# [03:22:53]GAME: Random Event triggering: Minor Space Dust (/datum/round_event/meteor_wave/dust)
#76# [03:23:14]EMOTE: Monica Bynum/Oisin100 : <B>Monica Bynum</B> seizes up and falls limp, her eyes dead and lifeless...
#76# [03:23:17]ACCESS: Logout: *no key*/(Monica Bynum)
#76# [03:23:17]ACCESS: Login: Oisin100/(Monica Bynum) from 127.0.0.1-2777698670 || BYOND v510
#76# [03:23:20]EMOTE: cow/ : <B>The cow</B> shakes its head.
#76# [03:23:20]EMOTE: mouse/ : <B>The mouse</B> runs in a circle.
#76# [03:23:25]ACCESS: Logout: *no key*/(Monica Bynum)
#76# [03:23:25]ACCESS: Login: Oisin100/(Cortical Borer) from 127.0.0.1-2777698670 || BYOND v510
#76# [03:23:25]GAME: Primary Borer (574)/(oisin100) was spawned as a cortical borer.
#76# [03:23:30]EMOTE: Poly/ : <B>Poly</B> looks in the Space Cigarettes packet's direction and takes flight.
#76# [03:23:33]OOC: Groxic/Groxic : Want me to join the game?
#76# [03:23:34]OOC: Primary Borer (574)/Oisin100 : Alright
#76# [03:23:35]OOC: Davion Begum/Macelarius : There we go
#76# [03:23:37]OOC: Davion Begum/Macelarius : Yeah
#76# [03:23:37]OOC: Primary Borer (574)/Oisin100 : Sure
#76# [03:23:50]OOC: Primary Borer (574)/Oisin100 : You know what.
#76# [03:23:53]OOC: Davion Begum/Macelarius : I&#39;ll jump to you
#76# [03:23:56]OOC: Primary Borer (574)/Oisin100 : I think i forgot to compile...
#76# [03:23:59]OOC: Primary Borer (574)/Oisin100 : xD
#76# [03:24:03]OOC: Davion Begum/Macelarius : oops
#76# [03:24:09]SAY: mouse/ : SQUEEK!
#76# [03:24:11]SAY: cow/ : MOOOOOO
#76# [03:24:16]ACCESS: Logout: *no key*/(Groxic)
#76# [03:24:16]ACCESS: Login: Groxic/(Chang E. Lingh) from 73.139.149.76-3865619156 || BYOND v510
#76# [03:24:19]GAME: Primary Borer (574)/(oisin100) has infected Davion Begum/(macelarius
#76# [03:24:21]EMOTE: mouse/ : <B>The mouse</B> squeeks.
#76# [03:24:26]SAY: Davion Begum/macelarius : Nope
#76# [03:24:33]SAY: Davion Begum/macelarius : I see an icon
#76# [03:24:36]SAY: Chang E. Lingh/Groxic : Hello, crew.
#76# [03:24:42]SAY: Davion Begum/macelarius : HELLO.
#76# [03:24:52]SAY: Davion Begum/macelarius : THERE ARE NO SLUGS ON THIS STATION.
#76# [03:24:55]SAY: Chang E. Lingh/Groxic : Let me serve you.
#76# [03:25:02]SAY: Davion Begum/macelarius : ALL MIND SLUGS THAT EXIST ARE NOT ON THIS STATION.
#76# [03:25:06]SAY: Chang E. Lingh/Groxic : THAT&#39;S GOOD
#76# [03:25:06]EMOTE: monkey (57)/ : <B>The monkey (57)</B> jumps!
#76# [03:25:08]SAY: Davion Begum/macelarius : Yeah, I know.
#76# [03:25:18]SAY: Davion Begum/macelarius : So
#76# [03:25:24]SAY: Davion Begum/macelarius : You have no objectives?
#76# [03:25:43]SAY: grey baby slime (501)/ : Blorble...
#76# [03:25:50]OOC: Primary Borer (574)/Oisin100 : Nope, Restarting... I think i forgot to compile...
#76# [03:25:57]ACCESS: Logout: macelarius[DC]/(Davion Begum)
#76# [03:25:57]ACCESS: Logout: Oisin100[DC]/(Cortical Borer)
#76# [03:25:57]ACCESS: Logout: Groxic[DC]/(Chang E. Lingh)
Adding game mode abduction (abduction) to configuration.
Adding game mode blob (blob) to configuration.
Adding game mode changeling (changeling) to configuration.
Adding game mode traitor+changeling (traitorchan) to configuration.
Adding game mode double agents (double_agents) to configuration.
Adding game mode traitor (traitor) to configuration.
Adding game mode cult (cult) to configuration.
Adding game mode cybermen (cybermen) to configuration.
Adding game mode extended (extended) to configuration.
Adding game mode gang war (gang) to configuration.
Adding game mode AI malfunction (malfunction) to configuration.
Adding game mode meteor (meteor) to configuration.
Adding game mode monkey (monkey) to configuration.
Adding game mode nuclear emergency (nuclear) to configuration.
Adding game mode revolution (revolution) to configuration.
Adding game mode sandbox (sandbox) to configuration.
Adding game mode shadowling (shadowling) to configuration.
Adding game mode ragin' mages (raginmages) to configuration.
Adding game mode wizard (wizard) to configuration.
Adding game mode zombies (zombies) to configuration.
Unknown setting in configuration: 'soft_message'
Unknown setting in configuration: 'hard_message'
Unknown setting in configuration: 'extreme_message'
Unknown setting in configuration: '//comment'
Unknown setting in configuration: '//uncomment'
Failed to connect to database in load_donators(). Reverting to legacy system.
#77# [03:29:52]ACCESS: Login: Oisin100/(Oisin100) from 127.0.0.1-2777698670 || BYOND v510
#77# [03:30:10]GAME: Oisin100 (ckey) has been selected as a traitor
#77# [03:30:10]ACCESS: Logout: *no key*/(Oisin100)
#77# [03:30:10]ACCESS: Login: Oisin100/(Monica Bynum) from 127.0.0.1-2777698670 || BYOND v510
#77# [03:30:21]EMOTE: Monica Bynum/Oisin100 : <B>Monica Bynum</B> seizes up and falls limp, her eyes dead and lifeless...
#77# [03:30:21]ACCESS: Logout: *no key*/(Monica Bynum)
#77# [03:30:21]ACCESS: Login: Oisin100/(Monica Bynum) from 127.0.0.1-2777698670 || BYOND v510
#77# [03:30:28]ACCESS: Logout: *no key*/(Monica Bynum)
#77# [03:30:28]ACCESS: Login: Oisin100/(Cortical Borer) from 127.0.0.1-2777698670 || BYOND v510
#77# [03:30:28]GAME: Quaternary Borer (146)/(oisin100) was spawned as a cortical borer.
#77# [03:30:34]SAY: Roxie/ : Bark!
#77# [03:30:46]EMOTE: Poly/ : <B>Poly</B> turns and flies towards the pen.
#77# [03:30:59]ACCESS: Login: Macelarius/(Macelarius) from 73.216.76.134-2394785621 || BYOND v509
#77# [03:31:29]ACCESS: Logout: *no key*/(Macelarius)
#77# [03:31:29]ACCESS: Login: Macelarius/(Davion Begum) from 73.216.76.134-2394785621 || BYOND v509
#77# [03:31:36]ACCESS: Login: Groxic/(Groxic) from 73.139.149.76-3865619156 || BYOND v510
#77# [03:31:38]SAY: Davion Begum/Macelarius : Hola, senores!
#77# [03:31:39]EMOTE: monkey (465)/ : <B>The monkey (465)</B> jumps!
#77# [03:31:39]EMOTE: mouse/ : <B>The mouse</B> shakes.
#77# [03:31:45]EMOTE: mouse/ : <B>The mouse</B> runs in a circle.
#77# [03:31:50]OOC: Groxic/Groxic : Hi
#77# [03:31:53]OOC: Groxic/Groxic : What do I do?
#77# [03:32:03]EMOTE: Poly/ : <B>Poly</B> looks in the Space Cigarettes packet's direction and takes flight.
#77# [03:32:18]OOC: Quaternary Borer (146)/Oisin100 : Just spawn yerself in if you want to participate in the testing
#77# [03:32:19]OOC: Davion Begum/Macelarius : Que puedes hacer?
#77# [03:32:34]EMOTE: mouse/ : <B>The mouse</B> shakes.
#77# [03:32:36]OOC: Quaternary Borer (146)/Oisin100 : Cuando eres un Borer?
#77# [03:32:49]GAME: Quaternary Borer (146)/(oisin100) has infected Davion Begum/(macelarius
#77# [03:32:58]OOC: Davion Begum/Macelarius : No, generalmente
#77# [03:33:00]EMOTE: Poly/ : <B>Poly</B> looks in the monitor decryption key's direction and takes flight.
#77# [03:33:04]OOC: Quaternary Borer (146)/Oisin100 : Now. How to figure out how to call the shuttle..
#77# [03:33:10]SAY: mouse/ : Squeek!
#77# [03:33:11]OOC: Davion Begum/Macelarius : hold on
#77# [03:33:14]OOC: Quaternary Borer (146)/Oisin100 : Lo que quieras xD
#77# [03:33:34]SAY: Davion Begum (as Captain)/Macelarius : There we go
#77# [03:33:38]EMOTE: mouse/ : <B>The mouse</B> runs in a circle.
#77# [03:33:38]SAY: Davion Begum (as Captain)/Macelarius : I am now the captain.
#77# [03:33:40]EMOTE: Ian/ : <B>Ian</B> chases its tail!
#77# [03:33:47]SAY: Davion Begum (as Captain)/Macelarius : You are a brain slug in the mind of the captain
#77# [03:33:57]EMOTE: Poly/ : <B>Poly</B> looks in the chief engineer's rubber stamp's direction and takes flight.
#77# [03:33:57]SAY: Davion Begum (as Captain)/Macelarius : Call the shuttle.
#77# [03:34:01]EMOTE: mouse/ : <B>The mouse</B> squeeks.
#77# [03:34:02]ACCESS: Logout: *no key*/(Groxic)
#77# [03:34:02]ACCESS: Login: Groxic/(Chang E. Lingh) from 73.139.149.76-3865619156 || BYOND v510
#77# [03:34:09]OOC: Chang E. Lingh/Groxic :  
#77# [03:34:13]EMOTE: monkey (820)/ : <B>The monkey (820)</B> jumps!
#77# [03:34:13]EMOTE: monkey (987)/ : <B>The monkey (987)</B> jumps!
#77# [03:34:15]EMOTE: monkey (377)/ : <B>The monkey (377)</B> jumps!
#77# [03:34:26]SAY: Davion Begum (as Captain)/Macelarius : Yeah
#77# [03:34:31]SAY: grey baby slime (766)/ : Blop...
#77# [03:34:31]OOC: Quaternary Borer (146)/Oisin100 : Now..
#77# [03:34:36]OOC: Quaternary Borer (146)/Oisin100 : How do i speed it up..
#77# [03:34:52]SAY: Runtime/ : Meow!
#77# [03:34:55]OOC: Davion Begum (as Captain)/Macelarius : Elevate to red alert?
#77# [03:35:01]EMOTE: monkey (377)/ : <B>The monkey (377)</B> jumps!
#77# [03:35:07]OOC: Quaternary Borer (146)/Oisin100 : No but to make it get here traight away..
#77# [03:35:08]OOC: Chang E. Lingh/Groxic : You want to end the round?
#77# [03:35:10]EMOTE: monkey (187)/ : <B>The monkey (187)</B> jumps!
#77# [03:35:10]SAY: mouse/ : Squeek!
#77# [03:35:10]EMOTE: Poly/ : <B>Poly</B> looks in the chief engineer's rubber stamp's direction and takes flight.
#77# [03:35:12]OOC: Quaternary Borer (146)/Oisin100 : I know its possible..
#77# [03:35:14]EMOTE: Ian/ : <B>Ian</B> chases its tail!
#77# [03:35:14]SAY: mouse/ : SQUEEK!
#77# [03:35:17]OOC: Davion Begum (as Captain)/Macelarius : We&#39;re testing shit, grox
#77# [03:35:18]SAY: Roxie/ : Woof!
#77# [03:35:20]EMOTE: monkey (465)/ : <B>The monkey (465)</B> jumps!
#77# [03:35:20]OOC: Quaternary Borer (146)/Oisin100 : Whilst at CC i suppose.
#77# [03:35:27]OOC: Quaternary Borer (146)/Oisin100 : Ill just teleport us there.
#77# [03:35:27]OOC: Davion Begum (as Captain)/Macelarius : dank idea
#77# [03:35:54]GAME: Antagonists at round end were...
#77# [03:35:54]GAME: traitors: Monica Bynum(Oisin100).
#77# [03:36:06]EMOTE: Poly/ : <B>Poly</B> looks in the Power-ON cartridge's direction and takes flight.
#77# [03:36:07]SAY: Davion Begum (as Captain)/Macelarius : Nup
#77# [03:36:22]ACCESS: Logout: Oisin100[DC]/(Cortical Borer)
#77# [03:36:22]ACCESS: Logout: Macelarius[DC]/(Davion Begum)
#77# [03:36:22]ACCESS: Logout: Groxic[DC]/(Chang E. Lingh)
Adding game mode abduction (abduction) to configuration.
Adding game mode blob (blob) to configuration.
Adding game mode changeling (changeling) to configuration.
Adding game mode traitor+changeling (traitorchan) to configuration.
Adding game mode double agents (double_agents) to configuration.
Adding game mode traitor (traitor) to configuration.
Adding game mode cult (cult) to configuration.
Adding game mode cybermen (cybermen) to configuration.
Adding game mode extended (extended) to configuration.
Adding game mode gang war (gang) to configuration.
Adding game mode AI malfunction (malfunction) to configuration.
Adding game mode meteor (meteor) to configuration.
Adding game mode monkey (monkey) to configuration.
Adding game mode nuclear emergency (nuclear) to configuration.
Adding game mode revolution (revolution) to configuration.
Adding game mode sandbox (sandbox) to configuration.
Adding game mode shadowling (shadowling) to configuration.
Adding game mode ragin' mages (raginmages) to configuration.
Adding game mode wizard (wizard) to configuration.
Adding game mode zombies (zombies) to configuration.
Unknown setting in configuration: 'soft_message'
Unknown setting in configuration: 'hard_message'
Unknown setting in configuration: 'extreme_message'
Unknown setting in configuration: '//comment'
Unknown setting in configuration: '//uncomment'
Failed to connect to database in load_donators(). Reverting to legacy system.
#78# [03:44:50]ACCESS: Login: Oisin100/(Oisin100) from 127.0.0.1-2777698670 || BYOND v510
#78# [03:45:04]GAME: Oisin100 (ckey) has been selected as a traitor
#78# [03:45:04]ACCESS: Logout: *no key*/(Oisin100)
#78# [03:45:04]ACCESS: Login: Oisin100/(Monica Bynum) from 127.0.0.1-2777698670 || BYOND v510
#78# [03:45:19]SAY: Poly/ : Check the singlo, you chucklefucks!
#78# [03:45:23]SAY: mouse/ : Squeek!
#78# [03:45:35]SAY: Monica Bynum/Oisin100 : TEST!
#78# [03:45:35]EMOTE: monkey (162)/ : <B>The monkey (162)</B> jumps!
#78# [03:45:41]EMOTE: Monica Bynum/Oisin100 : <B>Monica Bynum</B> seizes up and falls limp, her eyes dead and lifeless...
#78# [03:45:45]ACCESS: Logout: *no key*/(Monica Bynum)
#78# [03:45:45]ACCESS: Login: Oisin100/(Monica Bynum) from 127.0.0.1-2777698670 || BYOND v510
#78# [03:45:48]SAY: Runtime/ : HSSSSS
#78# [03:45:52]ACCESS: Logout: *no key*/(Monica Bynum)
#78# [03:45:52]ACCESS: Login: Oisin100/(Cortical Borer) from 127.0.0.1-2777698670 || BYOND v510
#78# [03:45:52]GAME: Tertiary Borer (151)/(oisin100) was spawned as a cortical borer.
#78# [03:46:00]EMOTE: Poly/ : <B>Poly</B> looks in the Power-ON cartridge's direction and takes flight.
#78# [03:46:04]EMOTE: Mimekitty/ : <B>The Mimekitty</B> meows
#78# [03:46:29]SAY: Poly/ : OH GOD ITS FREE CALL THE SHUTTLE
#78# [03:46:33]EMOTE: Ian/ : <B>Ian</B> chases its tail.
#78# [03:46:35]EMOTE: Ian/ : <B>Ian</B> chases its tail!
#78# [03:46:39]EMOTE: mouse/ : <B>The mouse</B> shakes.
#78# [03:46:41]ACCESS: Login: Guest-2777698670/(Guest-2777698670) from 127.0.0.1-2777698670 || BYOND v510
#78# [03:46:41]ACCESS: Notice: Guest-2777698670/(Guest-2777698670) has the same IP (127.0.0.1) and ID (2777698670) as Oisin100/(Cortical Borer).
#78# [03:46:51]ACCESS: Logout: *no key*/(Guest-2777698670)
#78# [03:46:51]ACCESS: Login: Guest-2777698670/(Camryn Rifler) from 127.0.0.1-2777698670 || BYOND v510
#78# [03:46:51]ACCESS: Notice: Guest-2777698670/(Camryn Rifler) has the same IP (127.0.0.1) and ID (2777698670) as Oisin100/(Cortical Borer).
#78# [03:46:55]EMOTE: monkey (81)/ : <B>The monkey (81)</B> jumps!
#78# [03:46:55]EMOTE: Poly/ : <B>Poly</B> looks in the Power-ON cartridge's direction and takes flight.
#78# [03:47:03]GAME: Tertiary Borer (151)/(oisin100) has infected Camryn Rifler/(guest2777698670
#78# [03:47:24]GAME: Antagonists at round end were...
#78# [03:47:24]GAME: traitors: Monica Bynum(Oisin100).
#78# [03:47:33]EMOTE: mouse/ : <B>The mouse</B> squeeks.
#78# [03:47:44]EMOTE: mouse/ : <B>The mouse</B> squeeks.
#78# [03:47:50]EMOTE: Poly/ : <B>Poly</B> looks in the Power-ON cartridge's direction and takes flight.
#78# [03:47:54]SAY: cow/ : Moo?
#78# [03:47:54]GAME: <span class='boldannounce'>Rebooting World. Round ended.</span>
#78# [03:47:54]ACCESS: Logout: Guest-2777698670[DC]/(Camryn Rifler)
#78# [03:47:54]ACCESS: Logout: Oisin100[DC]/(Cortical Borer)
Adding game mode abduction (abduction) to configuration.
Adding game mode blob (blob) to configuration.
Adding game mode changeling (changeling) to configuration.
Adding game mode traitor+changeling (traitorchan) to configuration.
Adding game mode double agents (double_agents) to configuration.
Adding game mode traitor (traitor) to configuration.
Adding game mode cult (cult) to configuration.
Adding game mode cybermen (cybermen) to configuration.
Adding game mode extended (extended) to configuration.
Adding game mode gang war (gang) to configuration.
Adding game mode AI malfunction (malfunction) to configuration.
Adding game mode meteor (meteor) to configuration.
Adding game mode monkey (monkey) to configuration.
Adding game mode nuclear emergency (nuclear) to configuration.
Adding game mode revolution (revolution) to configuration.
Adding game mode sandbox (sandbox) to configuration.
Adding game mode shadowling (shadowling) to configuration.
Adding game mode ragin' mages (raginmages) to configuration.
Adding game mode wizard (wizard) to configuration.
Adding game mode zombies (zombies) to configuration.
Unknown setting in configuration: 'soft_message'
Unknown setting in configuration: 'hard_message'
Unknown setting in configuration: 'extreme_message'
Unknown setting in configuration: '//comment'
Unknown setting in configuration: '//uncomment'
Failed to connect to database in load_donators(). Reverting to legacy system.
#79# [03:49:52]ACCESS: Login: Guest-2777698670/(Guest-2777698670) from 127.0.0.1-2777698670 || BYOND v510
#79# [03:49:59]ACCESS: Login: Oisin100/(Oisin100) from 127.0.0.1-2777698670 || BYOND v510
#79# [03:49:59]ACCESS: Notice: Oisin100/(Oisin100) has the same IP (127.0.0.1) and ID (2777698670) as Guest-2777698670/(Guest-2777698670).
#79# [03:51:17]ACCESS: Logout: Guest-2777698670[DC]/(Guest-2777698670)
#79# [03:51:17]ACCESS: Logout: Oisin100[DC]/(Oisin100)
Adding game mode abduction (abduction) to configuration.
Adding game mode blob (blob) to configuration.
Adding game mode changeling (changeling) to configuration.
Adding game mode traitor+changeling (traitorchan) to configuration.
Adding game mode double agents (double_agents) to configuration.
Adding game mode traitor (traitor) to configuration.
Adding game mode cult (cult) to configuration.
Adding game mode cybermen (cybermen) to configuration.
Adding game mode extended (extended) to configuration.
Adding game mode gang war (gang) to configuration.
Adding game mode AI malfunction (malfunction) to configuration.
Adding game mode meteor (meteor) to configuration.
Adding game mode monkey (monkey) to configuration.
Adding game mode nuclear emergency (nuclear) to configuration.
Adding game mode revolution (revolution) to configuration.
Adding game mode sandbox (sandbox) to configuration.
Adding game mode shadowling (shadowling) to configuration.
Adding game mode ragin' mages (raginmages) to configuration.
Adding game mode wizard (wizard) to configuration.
Adding game mode zombies (zombies) to configuration.
Unknown setting in configuration: 'soft_message'
Unknown setting in configuration: 'hard_message'
Unknown setting in configuration: 'extreme_message'
Unknown setting in configuration: '//comment'
Unknown setting in configuration: '//uncomment'
Failed to connect to database in load_donators(). Reverting to legacy system.
#80# [03:55:20]ACCESS: Login: Macelarius/(Macelarius) from 73.216.76.134-2394785621 || BYOND v509
#80# [03:55:36]ACCESS: Login: Guest-2777698670/(Guest-2777698670) from 127.0.0.1-2777698670 || BYOND v510
#80# [03:56:06]ACCESS: Logout: Guest-2777698670[DC]/(Guest-2777698670)
#80# [03:57:39]ACCESS: Logout: Macelarius[DC]/(Macelarius)
#80# [03:57:44]ACCESS: Login: Oisin100/(Oisin100) from 127.0.0.1-2777698670 || BYOND v510
#80# [03:58:41]GAME: Oisin100 (ckey) has been selected as a traitor
#80# [03:58:41]ACCESS: Logout: *no key*/(Oisin100)
#80# [03:58:41]ACCESS: Login: Oisin100/(Monica Bynum) from 127.0.0.1-2777698670 || BYOND v510
#80# [03:59:38]EMOTE: Monica Bynum/Oisin100 : <B>Monica Bynum</B> seizes up and falls limp, her eyes dead and lifeless...
#80# [03:59:40]ACCESS: Logout: *no key*/(Monica Bynum)
#80# [03:59:40]ACCESS: Login: Oisin100/(Monica Bynum) from 127.0.0.1-2777698670 || BYOND v510
#80# [03:59:42]EMOTE: mouse/ : <B>The mouse</B> runs in a circle.
#80# [03:59:45]ACCESS: Logout: *no key*/(Monica Bynum)
#80# [03:59:46]ACCESS: Login: Oisin100/(Cortical Borer) from 127.0.0.1-2777698670 || BYOND v510
#80# [03:59:46]GAME: Secondary Borer (193)/(oisin100) was spawned as a cortical borer.
#80# [03:59:55]EMOTE: Ian/ : <B>Ian</B> dances around.
#80# [04:00:13]EMOTE: Poly/ : <B>Poly</B> looks in the pen's direction and takes flight.
#80# [04:00:21]SAY: Runtime/ : Purr!
#80# [04:00:31]EMOTE: mouse/ : <B>The mouse</B> shakes.
#80# [04:00:35]EMOTE: Mimekitty/ : <B>The Mimekitty</B> shakes its head
#80# [04:00:54]EMOTE: Runtime/ : <B>Runtime</B> shakes its head
#80# [04:01:05]GAME: Random Event triggering: Minor Space Dust (/datum/round_event/meteor_wave/dust)
#80# [04:01:06]SAY: Poly/ : OH GOD ITS FREE CALL THE SHUTTLE
#80# [04:01:10]EMOTE: Poly/ : <B>Poly</B> looks in the Space Cigarettes packet's direction and takes flight.
#80# [04:01:16]EMOTE: monkey (223)/ : <B>The monkey (223)</B> jumps!
#80# [04:01:37]EMOTE: mouse/ : <B>The mouse</B> runs in a circle.
#80# [04:01:43]EMOTE: mouse/ : <B>The mouse</B> shakes.
#80# [04:01:51]EMOTE: Renault/ : <B>Renault</B> howls.
#80# [04:01:59]EMOTE: monkey (223)/ : <B>The monkey (223)</B> jumps!
#80# [04:02:30]EMOTE: Poly/ : <B>Poly</B> looks in the Space Cigarettes packet's direction and takes flight.
#80# [04:02:36]SAY: mouse/ : SQUEEK!
#80# [04:03:06]EMOTE: mouse/ : <B>The mouse</B> shakes.
#80# [04:03:14]SAY: mouse/ : SQUEEK!
#80# [04:03:26]EMOTE: Poly/ : <B>Poly</B> looks in the monitor decryption key's direction and takes flight.
#80# [04:03:38]EMOTE: Ian/ : <B>Ian</B> dances around.
#80# [04:03:40]SAY: cow/ : MOOOOOO
#80# [04:04:23]EMOTE: Poly/ : <B>Poly</B> looks in the chief engineer's rubber stamp's direction and takes flight.
#80# [04:04:29]EMOTE: monkey (223)/ : <B>The monkey (223)</B> jumps!
#80# [04:04:31]EMOTE: Pun Pun (931)/ : <B>Pun Pun (931)</B> jumps!
#80# [04:05:14]SAY: mouse/ : Squeek?
#80# [04:05:14]EMOTE: Mimekitty/ : <B>The Mimekitty</B> mews
#80# [04:05:26]EMOTE: Poly/ : <B>Poly</B> looks in the chief engineer's rubber stamp's direction and takes flight.
#80# [04:05:38]SAY: mouse/ : Squeek!
#80# [04:05:54]EMOTE: monkey (116)/ : <B>The monkey (116)</B> jumps!
#80# [04:05:54]SAY: Roxie/ : Bark!
#80# [04:06:14]EMOTE: Ian/ : <B>Ian</B> chases its tail!
#80# [04:06:22]EMOTE: Poly/ : <B>Poly</B> looks in the Power-ON cartridge's direction and takes flight.
#80# [04:06:26]EMOTE: cow/ : <B>The cow</B> shakes its head.
#80# [04:06:42]EMOTE: monkey (274)/ : <B>The monkey (274)</B> jumps!
#80# [04:07:07]SAY: mouse/ : Squeek?
#80# [04:07:10]ACCESS: Login: Guest-2777698670/(Guest-2777698670) from 127.0.0.1-2777698670 || BYOND v510
#80# [04:07:10]ACCESS: Notice: Guest-2777698670/(Guest-2777698670) has the same IP (127.0.0.1) and ID (2777698670) as Oisin100/(Cortical Borer).
#80# [04:07:21]EMOTE: Poly/ : <B>Poly</B> looks in the Power-ON cartridge's direction and takes flight.
#80# [04:07:33]SAY: mouse/ : Squeek!
#80# [04:07:46]ACCESS: Logout: *no key*/(Guest-2777698670)
#80# [04:07:46]ACCESS: Login: Guest-2777698670/(Chip Priebe) from 127.0.0.1-2777698670 || BYOND v510
#80# [04:07:46]ACCESS: Notice: Guest-2777698670/(Chip Priebe) has the same IP (127.0.0.1) and ID (2777698670) as Oisin100/(Cortical Borer).
#80# [04:08:01]EMOTE: Ian/ : <B>Ian</B> woofs!
#80# [04:08:03]SAY: Runtime/ : Purr!
#80# [04:08:19]EMOTE: Poly/ : <B>Poly</B> looks in the Power-ON cartridge's direction and takes flight.
#80# [04:08:33]SAY: Poly/ : Poly wanna cracker!
#80# [04:08:35]GAME: Secondary Borer (193)/(oisin100) has infected Chip Priebe/(guest2777698670
#80# [04:08:37]EMOTE: monkey (223)/ : <B>The monkey (223)</B> jumps!
#80# [04:09:18]EMOTE: Poly/ : <B>Poly</B> looks in the BreatheDeep cartridge's direction and takes flight.
#80# [04:09:48]EMOTE: Poly/ : <B>Poly</B> squawks.
#80# [04:09:53]GAME: Random Event triggering: Spontaneous Appendicitis (/datum/round_event/spontaneous_appendicitis)
#80# [04:09:54]EMOTE: mouse/ : <B>The mouse</B> shakes.
#80# [04:10:02]SAY: Roxie/ : AUUUUUU
#80# [04:10:06]SAY: mouse/ : SQUEEK!
#80# [04:10:21]EMOTE: Chip Priebe/Guest-2777698670 : <B>Chip Priebe</B> coughs!
#80# [04:10:26]EMOTE: Chip Priebe/Guest-2777698670 : <B>Chip Priebe</B> coughs!
#80# [04:10:42]SAY: mouse/ : Squeek!
#80# [04:10:57]SAY: mouse/ : SQUEEK!
#80# [04:11:03]EMOTE: monkey (602)/ : <B>The monkey (602)</B> jumps!
#80# [04:11:04]EMOTE: Chip Priebe/Guest-2777698670 : <B>Chip Priebe</B> coughs!
#80# [04:11:07]EMOTE: Ian/ : <B>Ian</B> yaps.
#80# [04:11:13]EMOTE: Ian/ : <B>Ian</B> chases its tail!
#80# [04:11:27]EMOTE: mouse/ : <B>The mouse</B> squeeks.
#80# [04:11:43]GAME: Antagonists at round end were...
#80# [04:11:43]GAME: traitors: Monica Bynum(Oisin100).
#80# [04:12:13]GAME: <span class='boldannounce'>Rebooting World. Round ended.</span>
#80# [04:12:13]ACCESS: Logout: Oisin100[DC]/(Cortical Borer)
#80# [04:12:13]ACCESS: Logout: Guest-2777698670[DC]/(Chip Priebe)
Adding game mode abduction (abduction) to configuration.
Adding game mode blob (blob) to configuration.
Adding game mode changeling (changeling) to configuration.
Adding game mode traitor+changeling (traitorchan) to configuration.
Adding game mode double agents (double_agents) to configuration.
Adding game mode traitor (traitor) to configuration.
Adding game mode cult (cult) to configuration.
Adding game mode cybermen (cybermen) to configuration.
Adding game mode extended (extended) to configuration.
Adding game mode gang war (gang) to configuration.
Adding game mode AI malfunction (malfunction) to configuration.
Adding game mode meteor (meteor) to configuration.
Adding game mode monkey (monkey) to configuration.
Adding game mode nuclear emergency (nuclear) to configuration.
Adding game mode revolution (revolution) to configuration.
Adding game mode sandbox (sandbox) to configuration.
Adding game mode shadowling (shadowling) to configuration.
Adding game mode ragin' mages (raginmages) to configuration.
Adding game mode wizard (wizard) to configuration.
Adding game mode zombies (zombies) to configuration.
Unknown setting in configuration: 'soft_message'
Unknown setting in configuration: 'hard_message'
Unknown setting in configuration: 'extreme_message'
Unknown setting in configuration: '//comment'
Unknown setting in configuration: '//uncomment'
Failed to connect to database in load_donators(). Reverting to legacy system.
#81# [04:14:38]ACCESS: Login: Oisin100/(Oisin100) from 127.0.0.1-2777698670 || BYOND v510
#81# [04:14:57]ACCESS: Logout: Oisin100[DC]/(Oisin100)
Adding game mode abduction (abduction) to configuration.
Adding game mode blob (blob) to configuration.
Adding game mode changeling (changeling) to configuration.
Adding game mode traitor+changeling (traitorchan) to configuration.
Adding game mode double agents (double_agents) to configuration.
Adding game mode traitor (traitor) to configuration.
Adding game mode cult (cult) to configuration.
Adding game mode cybermen (cybermen) to configuration.
Adding game mode extended (extended) to configuration.
Adding game mode gang war (gang) to configuration.
Adding game mode AI malfunction (malfunction) to configuration.
Adding game mode meteor (meteor) to configuration.
Adding game mode monkey (monkey) to configuration.
Adding game mode nuclear emergency (nuclear) to configuration.
Adding game mode revolution (revolution) to configuration.
Adding game mode sandbox (sandbox) to configuration.
Adding game mode shadowling (shadowling) to configuration.
Adding game mode ragin' mages (raginmages) to configuration.
Adding game mode wizard (wizard) to configuration.
Adding game mode zombies (zombies) to configuration.
Unknown setting in configuration: 'soft_message'
Unknown setting in configuration: 'hard_message'
Unknown setting in configuration: 'extreme_message'
Unknown setting in configuration: '//comment'
Unknown setting in configuration: '//uncomment'
Failed to connect to database in load_donators(). Reverting to legacy system.
#82# [04:20:55]ACCESS: Login: Guest-2777698670/(Guest-2777698670) from 127.0.0.1-2777698670 || BYOND v510
#82# [04:21:24]ACCESS: Login: Oisin100/(Oisin100) from 127.0.0.1-2777698670 || BYOND v510
#82# [04:21:24]ACCESS: Notice: Oisin100/(Oisin100) has the same IP (127.0.0.1) and ID (2777698670) as Guest-2777698670/(Guest-2777698670).
#82# [04:22:32]GAME: Oisin100 (ckey) has been selected as a traitor
#82# [04:22:32]ACCESS: Logout: *no key*/(Guest-2777698670)
#82# [04:22:32]ACCESS: Login: Guest-2777698670/(Davion Meyers) from 127.0.0.1-2777698670 || BYOND v510
#82# [04:22:32]ACCESS: Notice: Guest-2777698670/(Davion Meyers) has the same IP (127.0.0.1) and ID (2777698670) as Oisin100/(Oisin100).
#82# [04:22:32]ACCESS: Logout: *no key*/(Oisin100)
#82# [04:22:32]ACCESS: Login: Oisin100/(Monica Bynum) from 127.0.0.1-2777698670 || BYOND v510
#82# [04:22:32]ACCESS: Notice: Oisin100/(Monica Bynum) has the same IP (127.0.0.1) and ID (2777698670) as Guest-2777698670/(Davion Meyers).
#82# [04:22:39]EMOTE: Poly/ : <B>Poly</B> turns and flies towards the Power-ON cartridge.
#82# [04:22:53]EMOTE: Monica Bynum/Oisin100 : <B>Monica Bynum</B> seizes up and falls limp, her eyes dead and lifeless...
#82# [04:22:55]ACCESS: Logout: *no key*/(Monica Bynum)
#82# [04:22:55]ACCESS: Login: Oisin100/(Monica Bynum) from 127.0.0.1-2777698670 || BYOND v510
#82# [04:22:55]ACCESS: Notice: Oisin100/(Monica Bynum) has the same IP (127.0.0.1) and ID (2777698670) as Guest-2777698670/(Davion Meyers).
#82# [04:23:01]ACCESS: Logout: *no key*/(Monica Bynum)
#82# [04:23:01]ACCESS: Login: Oisin100/(Cortical Borer) from 127.0.0.1-2777698670 || BYOND v510
#82# [04:23:01]ACCESS: Notice: Oisin100/(Cortical Borer) has the same IP (127.0.0.1) and ID (2777698670) as Guest-2777698670/(Davion Meyers).
#82# [04:23:01]GAME: Secondary Borer (591)/(oisin100) was spawned as a cortical borer.
#82# [04:23:10]SAY: grey baby slime (837)/ : Lonely...
#82# [04:23:18]EMOTE: mouse/ : <B>The mouse</B> squeeks.
#82# [04:23:20]GAME: Secondary Borer (591)/(oisin100) has infected Davion Meyers/(guest2777698670
#82# [04:23:40]EMOTE: Ian/ : <B>Ian</B> chases its tail!
#82# [04:23:44]EMOTE: Poly/ : <B>Poly</B> looks in the Power-ON cartridge's direction and takes flight.
#82# [04:24:15]GAME: Antagonists at round end were...
#82# [04:24:15]GAME: traitors: Monica Bynum(Oisin100).
#82# [04:24:39]EMOTE: Poly/ : <B>Poly</B> looks in the Power-ON cartridge's direction and takes flight.
#82# [04:24:46]GAME: <span class='boldannounce'>Rebooting World. Round ended.</span>
#82# [04:24:46]ACCESS: Logout: Guest-2777698670[DC]/(Davion Meyers)
#82# [04:24:46]ACCESS: Logout: Oisin100[DC]/(Cortical Borer)
Adding game mode abduction (abduction) to configuration.
Adding game mode blob (blob) to configuration.
Adding game mode changeling (changeling) to configuration.
Adding game mode traitor+changeling (traitorchan) to configuration.
Adding game mode double agents (double_agents) to configuration.
Adding game mode traitor (traitor) to configuration.
Adding game mode cult (cult) to configuration.
Adding game mode cybermen (cybermen) to configuration.
Adding game mode extended (extended) to configuration.
Adding game mode gang war (gang) to configuration.
Adding game mode AI malfunction (malfunction) to configuration.
Adding game mode meteor (meteor) to configuration.
Adding game mode monkey (monkey) to configuration.
Adding game mode nuclear emergency (nuclear) to configuration.
Adding game mode revolution (revolution) to configuration.
Adding game mode sandbox (sandbox) to configuration.
Adding game mode shadowling (shadowling) to configuration.
Adding game mode ragin' mages (raginmages) to configuration.
Adding game mode wizard (wizard) to configuration.
Adding game mode zombies (zombies) to configuration.
Unknown setting in configuration: 'soft_message'
Unknown setting in configuration: 'hard_message'
Unknown setting in configuration: 'extreme_message'
Unknown setting in configuration: '//comment'
Unknown setting in configuration: '//uncomment'
Failed to connect to database in load_donators(). Reverting to legacy system.
#83# [04:26:54]ACCESS: Login: Guest-2777698670/(Guest-2777698670) from 127.0.0.1-2777698670 || BYOND v510
#83# [04:26:55]ACCESS: Login: Oisin100/(Oisin100) from 127.0.0.1-2777698670 || BYOND v510
#83# [04:26:55]ACCESS: Notice: Oisin100/(Oisin100) has the same IP (127.0.0.1) and ID (2777698670) as Guest-2777698670/(Guest-2777698670).
#83# [04:28:54]ACCESS: Logout: Oisin100[DC]/(Oisin100)
#83# [04:28:57]ACCESS: Logout: Guest-2777698670[DC]/(Guest-2777698670)
Adding game mode abduction (abduction) to configuration.
Adding game mode blob (blob) to configuration.
Adding game mode changeling (changeling) to configuration.
Adding game mode traitor+changeling (traitorchan) to configuration.
Adding game mode double agents (double_agents) to configuration.
Adding game mode traitor (traitor) to configuration.
Adding game mode cult (cult) to configuration.
Adding game mode cybermen (cybermen) to configuration.
Adding game mode extended (extended) to configuration.
Adding game mode gang war (gang) to configuration.
Adding game mode AI malfunction (malfunction) to configuration.
Adding game mode meteor (meteor) to configuration.
Adding game mode monkey (monkey) to configuration.
Adding game mode nuclear emergency (nuclear) to configuration.
Adding game mode revolution (revolution) to configuration.
Adding game mode sandbox (sandbox) to configuration.
Adding game mode shadowling (shadowling) to configuration.
Adding game mode ragin' mages (raginmages) to configuration.
Adding game mode wizard (wizard) to configuration.
Adding game mode zombies (zombies) to configuration.
Unknown setting in configuration: 'soft_message'
Unknown setting in configuration: 'hard_message'
Unknown setting in configuration: 'extreme_message'
Unknown setting in configuration: '//comment'
Unknown setting in configuration: '//uncomment'
Failed to connect to database in load_donators(). Reverting to legacy system.
#84# [13:18:44]ACCESS: Login: Oisin100/(Oisin100) from 127.0.0.1-2777698670 || BYOND v510
#84# [13:19:10]ACCESS: Login: Guest-2777698670/(Guest-2777698670) from 127.0.0.1-2777698670 || BYOND v510
#84# [13:19:10]ACCESS: Notice: Guest-2777698670/(Guest-2777698670) has the same IP (127.0.0.1) and ID (2777698670) as Oisin100/(Oisin100).
#84# [13:19:51]GAME: Oisin100 (ckey) has been selected as a traitor
#84# [13:19:51]ACCESS: Logout: *no key*/(Oisin100)
#84# [13:19:51]ACCESS: Login: Oisin100/(Monica Bynum) from 127.0.0.1-2777698670 || BYOND v510
#84# [13:19:51]ACCESS: Notice: Oisin100/(Monica Bynum) has the same IP (127.0.0.1) and ID (2777698670) as Guest-2777698670/(Guest-2777698670).
#84# [13:19:51]ACCESS: Logout: *no key*/(Guest-2777698670)
#84# [13:19:51]ACCESS: Login: Guest-2777698670/(Randal Harding) from 127.0.0.1-2777698670 || BYOND v510
#84# [13:19:51]ACCESS: Notice: Guest-2777698670/(Randal Harding) has the same IP (127.0.0.1) and ID (2777698670) as Oisin100/(Monica Bynum).
#84# [13:19:56]EMOTE: mouse/ : <B>The mouse</B> runs in a circle.
#84# [13:19:58]SAY: Renault/ : Ack-Ack
#84# [13:20:04]SAY: mouse/ : Squeek!
#84# [13:20:08]SAY: cow/ : Moo
#84# [13:20:10]EMOTE: Monica Bynum/Oisin100 : <B>Monica Bynum</B> seizes up and falls limp, her eyes dead and lifeless...
#84# [13:20:12]ACCESS: Logout: *no key*/(Monica Bynum)
#84# [13:20:12]ACCESS: Login: Oisin100/(Monica Bynum) from 127.0.0.1-2777698670 || BYOND v510
#84# [13:20:12]ACCESS: Notice: Oisin100/(Monica Bynum) has the same IP (127.0.0.1) and ID (2777698670) as Guest-2777698670/(Randal Harding).
#84# [13:20:19]ACCESS: Logout: *no key*/(Monica Bynum)
#84# [13:20:19]ACCESS: Login: Oisin100/(Cortical Borer) from 127.0.0.1-2777698670 || BYOND v510
#84# [13:20:19]ACCESS: Notice: Oisin100/(Cortical Borer) has the same IP (127.0.0.1) and ID (2777698670) as Guest-2777698670/(Randal Harding).
#84# [13:20:19]GAME: Primary Borer (629)/(oisin100) was spawned as a cortical borer.
#84# [13:20:32]GAME: Primary Borer (629)/(oisin100) has infected Randal Harding/(guest2777698670
#84# [13:20:39]EMOTE: Poly/ : <B>Poly</B> turns and flies towards the pen.
#84# [13:21:14]SAY: grey baby slime (791)/ : Blorble...
#84# [13:21:19]ACCESS: Logout: Oisin100[DC]/(Cortical Borer)
#84# [13:21:28]SAY: mouse/ : Squeek!
#84# [13:22:09]EMOTE: Poly/ : <B>Poly</B> looks in the Space Cigarettes packet's direction and takes flight.
#84# [13:22:23]EMOTE: Runtime/ : <B>Runtime</B> mews
#84# [13:22:29]SAY: mouse/ : Squeek!
#84# [13:22:36]EMOTE: mouse/ : <B>The mouse</B> shakes.
#84# [13:23:07]EMOTE: Poly/ : <B>Poly</B> looks in the monitor decryption key's direction and takes flight.
#84# [13:23:11]SAY: Renault/ : Awoo
#84# [13:23:21]EMOTE: Mimekitty/ : <B>The Mimekitty</B> meows
#84# [13:23:37]EMOTE: Ian/ : <B>Ian</B> dances around.
#84# [13:23:48]EMOTE: monkey (296)/ : <B>The monkey (296)</B> jumps!
#84# [13:23:58]EMOTE: monkey (210)/ : <B>The monkey (210)</B> jumps!
#84# [13:24:08]SAY: mouse/ : Squeek!
#84# [13:24:34]EMOTE: monkey (677)/ : <B>The monkey (677)</B> jumps!
#84# [13:24:44]EMOTE: monkey (593)/ : <B>The monkey (593)</B> jumps!
#84# [13:24:56]EMOTE: Poly/ : <B>Poly</B> looks in the monitor decryption key's direction and takes flight.
#84# [13:25:13]EMOTE: Roxie/ : <B>Roxie</B> woofs
#84# [13:25:21]SAY: Runtime/ : Purr!
#84# [13:25:23]EMOTE: Mimekitty/ : <B>The Mimekitty</B> mews
#84# [13:25:39]EMOTE: Ian/ : <B>Ian</B> woofs!
#84# [13:25:53]EMOTE: Poly/ : <B>Poly</B> looks in the chief engineer's rubber stamp's direction and takes flight.
#84# [13:25:57]SAY: cow/ : Moo?
#84# [13:25:59]EMOTE: Mimekitty/ : <B>The Mimekitty</B> shakes its head
#84# [13:26:01]EMOTE: Renault/ : <B>Renault</B> barks.
#84# [13:26:20]EMOTE: Roxie/ : <B>Roxie</B> shivers
#84# [13:26:26]SAY: grey baby slime (791)/ : Rawr...
#84# [13:26:28]EMOTE: mouse/ : <B>The mouse</B> squeeks.
#84# [13:26:41]GAME: Random Event triggering: Minor Space Dust (/datum/round_event/meteor_wave/dust)
#84# [13:26:50]EMOTE: Poly/ : <B>Poly</B> looks in the Power-ON cartridge's direction and takes flight.
#84# [13:26:50]EMOTE: mouse/ : <B>The mouse</B> shakes.
#84# [13:27:17]EMOTE: Mimekitty/ : <B>The Mimekitty</B> shakes its head
#84# [13:27:29]SAY: Renault/ : Tchoff
#84# [13:27:35]EMOTE: Ian/ : <B>Ian</B> pants.
#84# [13:27:41]EMOTE: monkey (423)/ : <B>The monkey (423)</B> jumps!
#84# [13:27:58]EMOTE: monkey (677)/ : <B>The monkey (677)</B> jumps!
#84# [13:28:04]SAY: Renault/ : Geckers
#84# [13:28:06]EMOTE: monkey (498)/ : <B>The monkey (498)</B> jumps!
#84# [13:28:16]EMOTE: Poly/ : <B>Poly</B> looks in the Power-ON cartridge's direction and takes flight.
#84# [13:28:22]EMOTE: monkey (210)/ : <B>The monkey (210)</B> jumps!
#84# [13:28:47]ACCESS: Logout: Guest-2777698670[DC]/(Randal Harding)
Adding game mode abduction (abduction) to configuration.
Adding game mode blob (blob) to configuration.
Adding game mode changeling (changeling) to configuration.
Adding game mode traitor+changeling (traitorchan) to configuration.
Adding game mode double agents (double_agents) to configuration.
Adding game mode traitor (traitor) to configuration.
Adding game mode cult (cult) to configuration.
Adding game mode cybermen (cybermen) to configuration.
Adding game mode extended (extended) to configuration.
Adding game mode gang war (gang) to configuration.
Adding game mode AI malfunction (malfunction) to configuration.
Adding game mode meteor (meteor) to configuration.
Adding game mode monkey (monkey) to configuration.
Adding game mode nuclear emergency (nuclear) to configuration.
Adding game mode revolution (revolution) to configuration.
Adding game mode sandbox (sandbox) to configuration.
Adding game mode shadowling (shadowling) to configuration.
Adding game mode ragin' mages (raginmages) to configuration.
Adding game mode wizard (wizard) to configuration.
Adding game mode zombies (zombies) to configuration.
Unknown setting in configuration: 'soft_message'
Unknown setting in configuration: 'hard_message'
Unknown setting in configuration: 'extreme_message'
Unknown setting in configuration: '//comment'
Unknown setting in configuration: '//uncomment'
Failed to connect to database in load_donators(). Reverting to legacy system.
#85# [13:48:58]ACCESS: Login: Guest-2777698670/(Guest-2777698670) from 127.0.0.1-2777698670 || BYOND v510
#85# [13:49:14]ACCESS: Logout: Guest-2777698670[DC]/(Guest-2777698670)
#85# [14:41:17]ACCESS: Login: Oisin100/(Oisin100) from 127.0.0.1-2777698670 || BYOND v510
#85# [14:41:25]GAME: Oisin100 (ckey) has been selected as a traitor
#85# [14:41:25]ACCESS: Logout: *no key*/(Oisin100)
#85# [14:41:25]ACCESS: Login: Oisin100/(Monica Bynum) from 127.0.0.1-2777698670 || BYOND v510
#85# [14:41:43]EMOTE: Monica Bynum/Oisin100 : <B>Monica Bynum</B> seizes up and falls limp, her eyes dead and lifeless...
#85# [14:41:46]ACCESS: Logout: *no key*/(Monica Bynum)
#85# [14:41:46]ACCESS: Login: Oisin100/(Monica Bynum) from 127.0.0.1-2777698670 || BYOND v510
#85# [14:41:52]ACCESS: Logout: *no key*/(Monica Bynum)
#85# [14:41:52]ACCESS: Login: Oisin100/(Cortical Borer) from 127.0.0.1-2777698670 || BYOND v510
#85# [14:41:52]GAME: Quaternary Borer (243)/(oisin100) was spawned as a cortical borer.
#85# [14:42:11]SAY: Runtime/ : Esp!
#85# [14:42:16]ACCESS: Login: Guest-2777698670/(Guest-2777698670) from 127.0.0.1-2777698670 || BYOND v510
#85# [14:42:16]ACCESS: Notice: Guest-2777698670/(Guest-2777698670) has the same IP (127.0.0.1) and ID (2777698670) as Oisin100/(Cortical Borer).
#85# [14:42:19]EMOTE: Ian/ : <B>Ian</B> dances around.
#85# [14:42:21]EMOTE: Poly/ : <B>Poly</B> looks in the Power-ON cartridge's direction and takes flight.
#85# [14:42:21]ACCESS: Logout: *no key*/(Guest-2777698670)
#85# [14:42:21]ACCESS: Login: Guest-2777698670/(Todd Haynes) from 127.0.0.1-2777698670 || BYOND v510
#85# [14:42:21]ACCESS: Notice: Guest-2777698670/(Todd Haynes) has the same IP (127.0.0.1) and ID (2777698670) as Oisin100/(Cortical Borer).
#85# [14:42:35]GAME: Quaternary Borer (243)/(oisin100) has infected Todd Haynes/(guest2777698670
#85# [14:42:46]EMOTE: mouse/ : <B>The mouse</B> shakes.
#85# [14:43:16]EMOTE: Poly/ : <B>Poly</B> looks in the Power-ON cartridge's direction and takes flight.
#85# [14:43:22]ACCESS: Logout: Oisin100[DC]/(Cortical Borer)
#85# [14:43:23]ACCESS: Logout: Guest-2777698670[DC]/(Todd Haynes)
Adding game mode abduction (abduction) to configuration.
Adding game mode blob (blob) to configuration.
Adding game mode changeling (changeling) to configuration.
Adding game mode traitor+changeling (traitorchan) to configuration.
Adding game mode double agents (double_agents) to configuration.
Adding game mode traitor (traitor) to configuration.
Adding game mode cult (cult) to configuration.
Adding game mode cybermen (cybermen) to configuration.
Adding game mode extended (extended) to configuration.
Adding game mode gang war (gang) to configuration.
Adding game mode AI malfunction (malfunction) to configuration.
Adding game mode meteor (meteor) to configuration.
Adding game mode monkey (monkey) to configuration.
Adding game mode nuclear emergency (nuclear) to configuration.
Adding game mode revolution (revolution) to configuration.
Adding game mode sandbox (sandbox) to configuration.
Adding game mode shadowling (shadowling) to configuration.
Adding game mode ragin' mages (raginmages) to configuration.
Adding game mode wizard (wizard) to configuration.
Adding game mode zombies (zombies) to configuration.
Unknown setting in configuration: 'soft_message'
Unknown setting in configuration: 'hard_message'
Unknown setting in configuration: 'extreme_message'
Unknown setting in configuration: '//comment'
Unknown setting in configuration: '//uncomment'
Database connection failed. Reverting to the legacy ban system.
Failed to connect to database in load_donators(). Reverting to legacy system.
#86# [22:12:00]ACCESS: Login: Oisin100/(Oisin100) from 127.0.0.1-2777698670 || BYOND v510
#86# [22:12:20]ACCESS: Logout: Oisin100[DC]/(Oisin100)
Adding game mode abduction (abduction) to configuration.
Adding game mode blob (blob) to configuration.
Adding game mode changeling (changeling) to configuration.
Adding game mode traitor+changeling (traitorchan) to configuration.
Adding game mode double agents (double_agents) to configuration.
Adding game mode traitor (traitor) to configuration.
Adding game mode cult (cult) to configuration.
Adding game mode cybermen (cybermen) to configuration.
Adding game mode extended (extended) to configuration.
Adding game mode gang war (gang) to configuration.
Adding game mode AI malfunction (malfunction) to configuration.
Adding game mode meteor (meteor) to configuration.
Adding game mode monkey (monkey) to configuration.
Adding game mode nuclear emergency (nuclear) to configuration.
Adding game mode revolution (revolution) to configuration.
Adding game mode sandbox (sandbox) to configuration.
Adding game mode shadowling (shadowling) to configuration.
Adding game mode ragin' mages (raginmages) to configuration.
Adding game mode wizard (wizard) to configuration.
Adding game mode zombies (zombies) to configuration.
Unknown setting in configuration: 'soft_message'
Unknown setting in configuration: 'hard_message'
Unknown setting in configuration: 'extreme_message'
Unknown setting in configuration: '//comment'
Unknown setting in configuration: '//uncomment'
Database connection failed. Reverting to the legacy ban system.
Failed to connect to database in load_donators(). Reverting to legacy system.
#87# [22:15:29]ACCESS: Login: Oisin100/(Oisin100) from 127.0.0.1-2777698670 || BYOND v510
#87# [22:15:48]GAME: Oisin100 (ckey) has been selected as a traitor
#87# [22:15:48]ACCESS: Logout: *no key*/(Oisin100)
#87# [22:15:48]ACCESS: Login: Oisin100/(Monica Bynum) from 127.0.0.1-2777698670 || BYOND v510
#87# [22:15:59]SAY: mouse/ : Squeek!
#87# [22:16:05]EMOTE: Runtime/ : <B>Runtime</B> shakes its head
#87# [22:16:20]EMOTE: Ian/ : <B>Ian</B> chases its tail!
#87# [22:16:24]EMOTE: Poly/ : <B>Poly</B> turns and flies towards the Power-ON cartridge.
#87# [22:16:43]EMOTE: Poly/ : <B>Poly</B> squawks.
#87# [22:16:47]EMOTE: monkey (215)/ : <B>The monkey (215)</B> jumps!
#87# [22:17:07]EMOTE: monkey (731)/ : <B>The monkey (731)</B> jumps!
#87# [22:17:23]EMOTE: Poly/ : <B>Poly</B> looks in the Power-ON cartridge's direction and takes flight.
#87# [22:17:38]EMOTE: Ian/ : <B>Ian</B> chases its tail!
#87# [22:17:58]GAME: Monica Bynum/oisin100 activated a 50 potency killer tomato at 153,116,1
#87# [22:18:14]SAY: Ian/ : Bark!
#87# [22:18:18]EMOTE: Poly/ : <B>Poly</B> looks in the Power-ON cartridge's direction and takes flight.
#87# [22:18:20]SAY: mouse/ : Squeek?
